[0m23:00:55.475913 [debug] [MainThread]: Sending event: {'category': 'dbt', 'action': 'invocation', 'label': 'start', 'context': [<snowplow_tracker.self_describing_json.SelfDescribingJson object at 0x1075d8da0>, <snowplow_tracker.self_describing_json.SelfDescribingJson object at 0x107f97920>, <snowplow_tracker.self_describing_json.SelfDescribingJson object at 0x107f97470>]}


============================== 23:00:55.496097 | fe752984-4989-4298-8e7d-024a58cb4b99 ==============================
[0m23:00:55.496097 [info ] [MainThread]: Running with dbt=1.9.10
[0m23:00:55.496381 [debug] [MainThread]: running dbt with arguments {'printer_width': '80', 'debug': 'False', 'partial_parse': 'True', 'invocation_command': 'dbt init', 'profiles_dir': '/Users/irenegracia/.dbt', 'send_anonymous_usage_stats': 'True', 'empty': 'None', 'log_format': 'default', 'no_print': 'None', 'target_path': 'None', 'warn_error': 'None', 'fail_fast': 'False', 'static_parser': 'True', 'write_json': 'True', 'cache_selected_only': 'False', 'quiet': 'False', 'use_experimental_parser': 'False', 'log_path': 'logs', 'indirect_selection': 'eager', 'log_cache_events': 'False', 'use_colors': 'True', 'warn_error_options': 'WarnErrorOptions(include=[], exclude=[])', 'introspect': 'True', 'version_check': 'True'}
[0m23:00:55.524066 [warn ] [MainThread]: [ConfigFolderDirectory]: Unable to parse logging event dictionary. Failed to parse dir field: expected string or bytes-like object, got 'PosixPath'.. Dictionary: {'dir': PosixPath('/Users/irenegracia/.dbt')}
[0m23:00:55.524253 [info ] [MainThread]: Creating dbt configuration folder at 
[0m23:01:11.947375 [debug] [MainThread]: Starter project path: /Users/irenegracia/Documents/FINAL_astrafy/dbt_repo/.venv/lib/python3.12/site-packages/dbt/include/starter_project
[0m23:01:11.956749 [info ] [MainThread]: 
Your new dbt project "bitcoin_cash" was created!

For more information on how to configure the profiles.yml file,
please consult the dbt documentation here:

  https://docs.getdbt.com/docs/configure-your-profile

One more thing:

Need help? Don't hesitate to reach out to us via GitHub issues or on Slack:

  https://community.getdbt.com/

Happy modeling!

[0m23:01:11.957375 [info ] [MainThread]: Setting up your profile.
[0m23:07:44.638771 [info ] [MainThread]: Profile bitcoin_cash written to /Users/irenegracia/.dbt/profiles.yml using target's profile_template.yml and your supplied values. Run 'dbt debug' to validate the connection.
[0m23:07:44.673131 [debug] [MainThread]: Resource report: {"command_name": "init", "command_success": true, "command_wall_clock_time": 409.2234, "process_in_blocks": "0", "process_kernel_time": 0.977227, "process_mem_max_rss": "432144384", "process_out_blocks": "0", "process_user_time": 6.902431}
[0m23:07:44.680359 [debug] [MainThread]: Command `dbt init` succeeded at 23:07:44.679825 after 409.23 seconds
[0m23:07:44.684248 [debug] [MainThread]: Sending event: {'category': 'dbt', 'action': 'invocation', 'label': 'end', 'context': [<snowplow_tracker.self_describing_json.SelfDescribingJson object at 0x107f97680>, <snowplow_tracker.self_describing_json.SelfDescribingJson object at 0x162dfdf40>, <snowplow_tracker.self_describing_json.SelfDescribingJson object at 0x162ccbb00>]}
[0m23:07:44.686674 [debug] [MainThread]: Flushing usage events
[0m23:07:45.122192 [debug] [MainThread]: An error was encountered while trying to flush usage events
[0m23:46:13.490961 [debug] [MainThread]: Sending event: {'category': 'dbt', 'action': 'invocation', 'label': 'start', 'context': [<snowplow_tracker.self_describing_json.SelfDescribingJson object at 0x109a83b00>, <snowplow_tracker.self_describing_json.SelfDescribingJson object at 0x10a10ea20>, <snowplow_tracker.self_describing_json.SelfDescribingJson object at 0x10a10e690>]}


============================== 23:46:13.493676 | c953a9b9-651b-4fff-9694-41ca6040840d ==============================
[0m23:46:13.493676 [info ] [MainThread]: Running with dbt=1.9.10
[0m23:46:13.493964 [debug] [MainThread]: running dbt with arguments {'target_path': 'None', 'cache_selected_only': 'False', 'log_path': 'logs', 'printer_width': '80', 'fail_fast': 'False', 'introspect': 'True', 'partial_parse': 'True', 'debug': 'False', 'log_cache_events': 'False', 'use_colors': 'True', 'write_json': 'True', 'indirect_selection': 'eager', 'empty': 'None', 'log_format': 'default', 'profiles_dir': '/Users/irenegracia/.dbt', 'no_print': 'None', 'send_anonymous_usage_stats': 'True', 'use_experimental_parser': 'False', 'static_parser': 'True', 'warn_error': 'None', 'invocation_command': 'dbt debug', 'quiet': 'False', 'warn_error_options': 'WarnErrorOptions(include=[], exclude=[])', 'version_check': 'True'}
[0m23:46:13.501079 [info ] [MainThread]: dbt version: 1.9.10
[0m23:46:13.501232 [info ] [MainThread]: python version: 3.12.9
[0m23:46:13.501360 [info ] [MainThread]: python path: /Users/irenegracia/.pyenv/versions/3.12.9/bin/python3.12
[0m23:46:13.501478 [info ] [MainThread]: os info: macOS-14.3-arm64-arm-64bit
[0m23:46:18.041788 [info ] [MainThread]: Using profiles dir at /Users/irenegracia/.dbt
[0m23:46:18.042021 [info ] [MainThread]: Using profiles.yml file at /Users/irenegracia/.dbt/profiles.yml
[0m23:46:18.042159 [info ] [MainThread]: Using dbt_project.yml file at /Users/irenegracia/Documents/FINAL_astrafy/dbt_repo/dbt_project.yml
[0m23:46:18.042286 [info ] [MainThread]: adapter type: bigquery
[0m23:46:18.042404 [info ] [MainThread]: adapter version: 1.9.2
[0m23:46:18.042536 [info ] [MainThread]: Configuration:
[0m23:46:18.042649 [info ] [MainThread]:   profiles.yml file [[32mOK found and valid[0m]
[0m23:46:18.042760 [info ] [MainThread]:   dbt_project.yml file [[31mERROR not found[0m]
[0m23:46:18.042870 [info ] [MainThread]: Required dependencies:
[0m23:46:18.043033 [debug] [MainThread]: Executing "git --help"
[0m23:46:18.059979 [debug] [MainThread]: STDOUT: "b"usage: git [-v | --version] [-h | --help] [-C <path>] [-c <name>=<value>]\n           [--exec-path[=<path>]] [--html-path] [--man-path] [--info-path]\n           [-p | --paginate | -P | --no-pager] [--no-replace-objects] [--bare]\n           [--git-dir=<path>] [--work-tree=<path>] [--namespace=<name>]\n           [--config-env=<name>=<envvar>] <command> [<args>]\n\nThese are common Git commands used in various situations:\n\nstart a working area (see also: git help tutorial)\n   clone     Clone a repository into a new directory\n   init      Create an empty Git repository or reinitialize an existing one\n\nwork on the current change (see also: git help everyday)\n   add       Add file contents to the index\n   mv        Move or rename a file, a directory, or a symlink\n   restore   Restore working tree files\n   rm        Remove files from the working tree and from the index\n\nexamine the history and state (see also: git help revisions)\n   bisect    Use binary search to find the commit that introduced a bug\n   diff      Show changes between commits, commit and working tree, etc\n   grep      Print lines matching a pattern\n   log       Show commit logs\n   show      Show various types of objects\n   status    Show the working tree status\n\ngrow, mark and tweak your common history\n   branch    List, create, or delete branches\n   commit    Record changes to the repository\n   merge     Join two or more development histories together\n   rebase    Reapply commits on top of another base tip\n   reset     Reset current HEAD to the specified state\n   switch    Switch branches\n   tag       Create, list, delete or verify a tag object signed with GPG\n\ncollaborate (see also: git help workflows)\n   fetch     Download objects and refs from another repository\n   pull      Fetch from and integrate with another repository or a local branch\n   push      Update remote refs along with associated objects\n\n'git help -a' and 'git help -g' list available subcommands and some\nconcept guides. See 'git help <command>' or 'git help <concept>'\nto read about a specific subcommand or concept.\nSee 'git help git' for an overview of the system.\n""
[0m23:46:18.060521 [debug] [MainThread]: STDERR: "b''"
[0m23:46:18.060832 [info ] [MainThread]:  - git [[32mOK found[0m]

[0m23:46:18.061182 [info ] [MainThread]: Connection:
[0m23:46:18.061439 [info ] [MainThread]:   method: oauth
[0m23:46:18.061557 [info ] [MainThread]:   database: 123
[0m23:46:18.061666 [info ] [MainThread]:   execution_project: 123
[0m23:46:18.061773 [info ] [MainThread]:   schema: 234
[0m23:46:18.061878 [info ] [MainThread]:   location: US
[0m23:46:18.061982 [info ] [MainThread]:   priority: interactive
[0m23:46:18.062087 [info ] [MainThread]:   maximum_bytes_billed: None
[0m23:46:18.062192 [info ] [MainThread]:   impersonate_service_account: None
[0m23:46:18.062295 [info ] [MainThread]:   job_retry_deadline_seconds: None
[0m23:46:18.062398 [info ] [MainThread]:   job_retries: 1
[0m23:46:18.062497 [info ] [MainThread]:   job_creation_timeout_seconds: None
[0m23:46:18.062601 [info ] [MainThread]:   job_execution_timeout_seconds: 300
[0m23:46:18.062703 [info ] [MainThread]:   timeout_seconds: 300
[0m23:46:18.062804 [info ] [MainThread]:   client_id: None
[0m23:46:18.062906 [info ] [MainThread]:   token_uri: None
[0m23:46:18.063008 [info ] [MainThread]:   compute_region: None
[0m23:46:18.063109 [info ] [MainThread]:   dataproc_cluster_name: None
[0m23:46:18.063212 [info ] [MainThread]:   gcs_bucket: None
[0m23:46:18.063313 [info ] [MainThread]:   dataproc_batch: None
[0m23:46:18.063621 [info ] [MainThread]: Registered adapter: bigquery=1.9.2
[0m23:46:18.186310 [debug] [MainThread]: Acquiring new bigquery connection 'debug'
[0m23:46:18.186602 [debug] [MainThread]: On debug: select 1 as id
[0m23:46:18.186759 [debug] [MainThread]: Opening a new connection, currently in state init
[0m23:46:18.592700 [error] [MainThread]: BigQuery adapter: https://console.cloud.google.com/bigquery?project=123&j=bq:US:d25b94fc-33f7-47a7-9d63-48bed7f7ee9d&page=queryresults
[0m23:46:18.596168 [info ] [MainThread]:   Connection test: [[31mERROR[0m]

[0m23:46:18.596820 [info ] [MainThread]: [31m2 checks failed:[0m
[0m23:46:18.597250 [info ] [MainThread]: Project loading failed for the following reason:
 project path </Users/irenegracia/Documents/FINAL_astrafy/dbt_repo/dbt_project.yml> not found

[0m23:46:18.597663 [info ] [MainThread]: dbt was unable to connect to the specified database.
The database returned the following error:

  >Database Error
  The project 123 has not enabled BigQuery.

Check your database credentials and try again. For more information, visit:
https://docs.getdbt.com/docs/configure-your-profile


[0m23:46:18.598366 [debug] [MainThread]: Resource report: {"command_name": "debug", "command_success": false, "command_wall_clock_time": 5.145668, "process_in_blocks": "0", "process_kernel_time": 0.437714, "process_mem_max_rss": "409567232", "process_out_blocks": "0", "process_user_time": 2.537645}
[0m23:46:18.599035 [debug] [MainThread]: Command `dbt debug` failed at 23:46:18.598881 after 5.15 seconds
[0m23:46:18.599540 [debug] [MainThread]: Connection 'debug' was properly closed.
[0m23:46:18.600009 [debug] [MainThread]: Sending event: {'category': 'dbt', 'action': 'invocation', 'label': 'end', 'context': [<snowplow_tracker.self_describing_json.SelfDescribingJson object at 0x109dc3470>, <snowplow_tracker.self_describing_json.SelfDescribingJson object at 0x13c008a40>, <snowplow_tracker.self_describing_json.SelfDescribingJson object at 0x13dfa3aa0>]}
[0m23:46:18.600580 [debug] [MainThread]: Flushing usage events
[0m23:46:19.104909 [debug] [MainThread]: An error was encountered while trying to flush usage events
